Created by PLY version 3.11 (http://www.dabeaz.com/ply)

Unused terminals:

    INV

Grammar

Rule 0     S' -> ptag
Rule 1     ptag -> OPEN args CLOSE
Rule 2     args -> ID
Rule 3     args -> args ID

Terminals, with rules where they appear

CLOSE                : 1
ID                   : 2 3
INV                  : 
OPEN                 : 1
error                : 

Nonterminals, with rules where they appear

args                 : 1 3
ptag                 : 0

Parsing method: LALR

state 0

    (0) S' -> . ptag
    (1) ptag -> . OPEN args CLOSE

    OPEN            shift and go to state 2

    ptag                           shift and go to state 1

state 1

    (0) S' -> ptag .



state 2

    (1) ptag -> OPEN . args CLOSE
    (2) args -> . ID
    (3) args -> . args ID

    ID              shift and go to state 4

    args                           shift and go to state 3

state 3

    (1) ptag -> OPEN args . CLOSE
    (3) args -> args . ID

    CLOSE           shift and go to state 5
    ID              shift and go to state 6


state 4

    (2) args -> ID .

    CLOSE           reduce using rule 2 (args -> ID .)
    ID              reduce using rule 2 (args -> ID .)


state 5

    (1) ptag -> OPEN args CLOSE .

    $end            reduce using rule 1 (ptag -> OPEN args CLOSE .)


state 6

    (3) args -> args ID .

    CLOSE           reduce using rule 3 (args -> args ID .)
    ID              reduce using rule 3 (args -> args ID .)

